# JRE version: OpenJDK Runtime Environment (21.0.9) (build 21.0.9+-14787801-b1163.94)
# Java VM: OpenJDK 64-Bit Server VM (21.0.9+-14787801-b1163.94, mixed mode, tiered, compressed oops, compressed class ptrs, g1 gc, windows-amd64)
GC Precious Log:
 CardTable entry size: 512
 Card Set container configuration: InlinePtr #cards 4 size 8 Array Of Cards #cards 32 size 80 Howl #buckets 8 coarsen threshold 7372 Howl Bitmap #cards 1024 size 144 coarsen threshold 921 Card regions per heap region 1 cards per card region 8192
 CPUs: 4 total, 4 available
 Memory: 8144M
 Large Page Support: Disabled
 NUMA Support: Disabled
 Compressed Oops: Enabled (Zero based)
 Heap Region Size: 4M
 Heap Min Capacity: 8M
 Heap Initial Capacity: 128M
 Heap Max Capacity: 8G
 Pre-touch: Disabled
 Parallel Workers: 4
 Concurrent Workers: 1
 Concurrent Refinement Workers: 4
 Periodic GC: Disabled
Heap:
 garbage-first heap   total 81920K, used 46944K [0x0000000600000000, 0x0000000800000000)
  region size 4096K, 5 young (20480K), 1 survivors (4096K)
 Metaspace       used 55225K, committed 56704K, reserved 1114112K
  class space    used 7798K, committed 8512K, reserved 1048576K
GC Heap History (20 events):
Event: 14.713 GC heap before
{Heap before GC invocations=3 (full 0):
 garbage-first heap   total 131072K, used 77312K [0x0000000600000000, 0x0000000800000000)
  region size 4096K, 19 young (77824K), 2 survivors (8192K)
 Metaspace       used 12917K, committed 13120K, reserved 1114112K
  class space    used 1402K, committed 1472K, reserved 1048576K
}
Event: 14.720 GC heap after
{Heap after GC invocations=4 (full 0):
 garbage-first heap   total 131072K, used 16717K [0x0000000600000000, 0x0000000800000000)
  region size 4096K, 2 young (8192K), 2 survivors (8192K)
 Metaspace       used 12917K, committed 13120K, reserved 1114112K
  class space    used 1402K, committed 1472K, reserved 1048576K
}
Event: 20.917 GC heap before
{Heap before GC invocations=4 (full 0):
 garbage-first heap   total 131072K, used 49485K [0x0000000600000000, 0x0000000800000000)
  region size 4096K, 11 young (45056K), 2 survivors (8192K)
 Metaspace       used 21216K, committed 21504K, reserved 1114112K
  class space    used 2500K, committed 2624K, reserved 1048576K
}
Event: 20.924 GC heap after
{Heap after GC invocations=5 (full 0):
 garbage-first heap   total 131072K, used 20277K [0x0000000600000000, 0x0000000800000000)
  region size 4096K, 3 young (12288K), 3 survivors (12288K)
 Metaspace       used 21216K, committed 21504K, reserved 1114112K
  class space    used 2500K, committed 2624K, reserved 1048576K
}
Event: 26.795 GC heap before
{Heap before GC invocations=6 (full 0):
 garbage-first heap   total 81920K, used 57141K [0x0000000600000000, 0x0000000800000000)
  region size 4096K, 12 young (49152K), 3 survivors (12288K)
 Metaspace       used 27559K, committed 28032K, reserved 1114112K
  class space    used 3479K, committed 3648K, reserved 1048576K
}
Event: 26.807 GC heap after
{Heap after GC invocations=7 (full 0):
 garbage-first heap   total 81920K, used 22419K [0x0000000600000000, 0x0000000800000000)
  region size 4096K, 2 young (8192K), 2 survivors (8192K)
 Metaspace       used 27559K, committed 28032K, reserved 1114112K
  class space    used 3479K, committed 3648K, reserved 1048576K
}
Event: 42.275 GC heap before
{Heap before GC invocations=7 (full 0):
 garbage-first heap   total 81920K, used 59283K [0x0000000600000000, 0x0000000800000000)
  region size 4096K, 12 young (49152K), 2 survivors (8192K)
 Metaspace       used 33589K, committed 34304K, reserved 1114112K
  class space    used 4359K, committed 4672K, reserved 1048576K
}
Event: 42.286 GC heap after
{Heap after GC invocations=8 (full 0):
 garbage-first heap   total 81920K, used 24760K [0x0000000600000000, 0x0000000800000000)
  region size 4096K, 2 young (8192K), 2 survivors (8192K)
 Metaspace       used 33589K, committed 34304K, reserved 1114112K
  class space    used 4359K, committed 4672K, reserved 1048576K
}
Event: 47.093 GC heap before
{Heap before GC invocations=8 (full 0):
 garbage-first heap   total 81920K, used 37048K [0x0000000600000000, 0x0000000800000000)
  region size 4096K, 6 young (24576K), 2 survivors (8192K)
 Metaspace       used 35356K, committed 36096K, reserved 1114112K
  class space    used 4660K, committed 4992K, reserved 1048576K
}
Event: 47.099 GC heap after
{Heap after GC invocations=9 (full 0):
 garbage-first heap   total 81920K, used 25902K [0x0000000600000000, 0x0000000800000000)
  region size 4096K, 1 young (4096K), 1 survivors (4096K)
 Metaspace       used 35356K, committed 36096K, reserved 1114112K
  class space    used 4660K, committed 4992K, reserved 1048576K
}
Event: 61.167 GC heap before
{Heap before GC invocations=10 (full 0):
 garbage-first heap   total 81920K, used 66862K [0x0000000600000000, 0x0000000800000000)
  region size 4096K, 11 young (45056K), 1 survivors (4096K)
 Metaspace       used 40771K, committed 41792K, reserved 1114112K
  class space    used 5589K, committed 6080K, reserved 1048576K
}
Event: 61.174 GC heap after
{Heap after GC invocations=11 (full 0):
 garbage-first heap   total 81920K, used 27396K [0x0000000600000000, 0x0000000800000000)
  region size 4096K, 2 young (8192K), 2 survivors (8192K)
 Metaspace       used 40771K, committed 41792K, reserved 1114112K
  class space    used 5589K, committed 6080K, reserved 1048576K
}
Event: 67.220 GC heap before
{Heap before GC invocations=11 (full 0):
 garbage-first heap   total 81920K, used 60164K [0x0000000600000000, 0x0000000800000000)
  region size 4096K, 11 young (45056K), 2 survivors (8192K)
 Metaspace       used 46859K, committed 48192K, reserved 1114112K
  class space    used 6381K, committed 7040K, reserved 1048576K
}
Event: 67.229 GC heap after
{Heap after GC invocations=12 (full 0):
 garbage-first heap   total 81920K, used 30604K [0x0000000600000000, 0x0000000800000000)
  region size 4096K, 2 young (8192K), 2 survivors (8192K)
 Metaspace       used 46859K, committed 48192K, reserved 1114112K
  class space    used 6381K, committed 7040K, reserved 1048576K
}
Event: 68.963 GC heap before
{Heap before GC invocations=12 (full 0):
 garbage-first heap   total 81920K, used 63372K [0x0000000600000000, 0x0000000800000000)
  region size 4096K, 10 young (40960K), 2 survivors (8192K)
 Metaspace       used 47422K, committed 48704K, reserved 1114112K
  class space    used 6458K, committed 7104K, reserved 1048576K
}
Event: 68.970 GC heap after
{Heap after GC invocations=13 (full 0):
 garbage-first heap   total 81920K, used 31324K [0x0000000600000000, 0x0000000800000000)
  region size 4096K, 1 young (4096K), 1 survivors (4096K)
 Metaspace       used 47422K, committed 48704K, reserved 1114112K
  class space    used 6458K, committed 7104K, reserved 1048576K
}
Event: 73.874 GC heap before
{Heap before GC invocations=13 (full 0):
 garbage-first heap   total 81920K, used 72284K [0x0000000600000000, 0x0000000800000000)
  region size 4096K, 11 young (45056K), 1 survivors (4096K)
 Metaspace       used 51842K, committed 53312K, reserved 1114112K
  class space    used 7226K, committed 7936K, reserved 1048576K
}
Event: 73.881 GC heap after
{Heap after GC invocations=14 (full 0):
 garbage-first heap   total 81920K, used 33621K [0x0000000600000000, 0x0000000800000000)
  region size 4096K, 2 young (8192K), 2 survivors (8192K)
 Metaspace       used 51842K, committed 53312K, reserved 1114112K
  class space    used 7226K, committed 7936K, reserved 1048576K
}
Event: 78.356 GC heap before
{Heap before GC invocations=14 (full 0):
 garbage-first heap   total 81920K, used 70485K [0x0000000600000000, 0x0000000800000000)
  region size 4096K, 11 young (45056K), 2 survivors (8192K)
 Metaspace       used 53872K, committed 55424K, reserved 1114112K
  class space    used 7585K, committed 8320K, reserved 1048576K
}
Event: 78.364 GC heap after
{Heap after GC invocations=15 (full 0):
 garbage-first heap   total 81920K, used 34656K [0x0000000600000000, 0x0000000800000000)
  region size 4096K, 1 young (4096K), 1 survivors (4096K)
 Metaspace       used 53872K, committed 55424K, reserved 1114112K
  class space    used 7585K, committed 8320K, reserved 1048576K
}

